 * Serving Flask app 'server_flask'
 * Debug mode: on
[31m[1mWARNING: This is a development server. Do not use it in a production deployment. Use a production WSGI server instead.[0m
 * Running on http://127.0.0.1:5050
[33mPress CTRL+C to quit[0m
 * Restarting with stat
 * Debugger is active!
 * Debugger PIN: 844-082-252
127.0.0.1 - - [08/Apr/2023 18:34:29] "GET /auto_complete?q=vomiting%20sensation HTTP/1.1" 200 -
127.0.0.1 - - [08/Apr/2023 18:34:43] "GET /auto_complete?q=vomiting%20sensation,%20nausea HTTP/1.1" 200 -
127.0.0.1 - - [08/Apr/2023 18:34:44] "OPTIONS /search_query HTTP/1.1" 200 -
127.0.0.1 - - [08/Apr/2023 18:34:49] "POST /search_query HTTP/1.1" 200 -
127.0.0.1 - - [08/Apr/2023 18:34:49] "POST /search_query HTTP/1.1" 200 -
127.0.0.1 - - [08/Apr/2023 18:39:11] "OPTIONS /search_query HTTP/1.1" 200 -
127.0.0.1 - - [08/Apr/2023 18:39:14] "POST /search_query HTTP/1.1" 200 -
127.0.0.1 - - [08/Apr/2023 18:39:38] "GET /auto_complete?q=vomiting%20sensation HTTP/1.1" 200 -
127.0.0.1 - - [08/Apr/2023 18:39:48] "OPTIONS /search_query HTTP/1.1" 200 -
127.0.0.1 - - [08/Apr/2023 18:39:53] "POST /search_query HTTP/1.1" 200 -
127.0.0.1 - - [08/Apr/2023 18:39:53] "POST /search_query HTTP/1.1" 200 -
127.0.0.1 - - [08/Apr/2023 18:41:00] "GET /auto_complete?q=vomiting%20sensation HTTP/1.1" 200 -
 * Detected change in '/home/parallels/Desktop/mediscrape/server/server_flask.py', reloading
r {'symptoms': ['Vomiting']}
{'symptoms': ['Vomiting']}
r {'symptoms': ['Nausea', 'Vomiting']}
{'symptoms': ['Nausea', 'Vomiting']}
query vomiting sensation
page 0
query vomiting sensation
page 0
r {'symptoms': ['Vomiting']}
{'symptoms': ['Vomiting']}
r {'symptoms': ['Vomiting']}
{'symptoms': ['Vomiting']}
query vomiting sensation
page 0
r {'symptoms': ['Vomiting']}
{'symptoms': ['Vomiting']}
r {'symptoms': ['Vomiting']}
{'symptoms': ['Vomiting']}
query vomiting sensation
page 0
query vomiting sensation
page 0
r {'symptoms': ['Vomiting']}
{'symptoms': ['Vomiting']}
r {'symptoms': ['Vomiting']}
{'symptoms': ['Vomiting']}
r {'symptoms': ['Vomiting']}
{'symptoms': ['Vomiting']}
 * Restarting with stat
 * Debugger is active!
 * Debugger PIN: 844-082-252
 * Detected change in '/home/parallels/Desktop/mediscrape/server/utils.py', reloading
 * Restarting with stat
 * Debugger is active!
 * Debugger PIN: 844-082-252
 * Serving Flask app 'server_flask'
 * Debug mode: on
Address already in use
Port 5050 is in use by another program. Either identify and stop that program, or start the server with a different port.
127.0.0.1 - - [08/Apr/2023 18:48:15] "GET /auto_complete?q=vomiting%20sensation HTTP/1.1" 200 -
127.0.0.1 - - [08/Apr/2023 18:48:19] "OPTIONS /search_query HTTP/1.1" 200 -
127.0.0.1 - - [08/Apr/2023 18:48:24] "POST /search_query HTTP/1.1" 200 -
127.0.0.1 - - [08/Apr/2023 18:48:24] "POST /search_query HTTP/1.1" 200 -
 * Serving Flask app 'server_flask'
 * Debug mode: on
[31m[1mWARNING: This is a development server. Do not use it in a production deployment. Use a production WSGI server instead.[0m
 * Running on http://127.0.0.1:5050
[33mPress CTRL+C to quit[0m
 * Restarting with stat
 * Debugger is active!
 * Debugger PIN: 130-676-376
127.0.0.1 - - [09/Apr/2023 13:48:18] "GET /auto_complete?q=Malaise HTTP/1.1" 200 -
127.0.0.1 - - [09/Apr/2023 13:48:18] "OPTIONS /search_query HTTP/1.1" 200 -
127.0.0.1 - - [09/Apr/2023 13:48:18] "[35m[1mPOST /search_query HTTP/1.1[0m" 500 -
Traceback (most recent call last):
  File "/home/parallels/Desktop/mediscrape/venv/lib/python3.10/site-packages/flask/app.py", line 2551, in __call__
    return self.wsgi_app(environ, start_response)
  File "/home/parallels/Desktop/mediscrape/venv/lib/python3.10/site-packages/flask/app.py", line 2531, in wsgi_app
    response = self.handle_exception(e)
  File "/home/parallels/Desktop/mediscrape/venv/lib/python3.10/site-packages/flask_cors/extension.py", line 165, in wrapped_function
    return cors_after_request(app.make_response(f(*args, **kwargs)))
  File "/home/parallels/Desktop/mediscrape/venv/lib/python3.10/site-packages/flask_cors/extension.py", line 165, in wrapped_function
    return cors_after_request(app.make_response(f(*args, **kwargs)))
  File "/home/parallels/Desktop/mediscrape/venv/lib/python3.10/site-packages/flask/app.py", line 2528, in wsgi_app
    response = self.full_dispatch_request()
  File "/home/parallels/Desktop/mediscrape/venv/lib/python3.10/site-packages/flask/app.py", line 1825, in full_dispatch_request
    rv = self.handle_user_exception(e)
  File "/home/parallels/Desktop/mediscrape/venv/lib/python3.10/site-packages/flask_cors/extension.py", line 165, in wrapped_function
    return cors_after_request(app.make_response(f(*args, **kwargs)))
  File "/home/parallels/Desktop/mediscrape/venv/lib/python3.10/site-packages/flask_cors/extension.py", line 165, in wrapped_function
    return cors_after_request(app.make_response(f(*args, **kwargs)))
  File "/home/parallels/Desktop/mediscrape/venv/lib/python3.10/site-packages/flask/app.py", line 1823, in full_dispatch_request
    rv = self.dispatch_request()
  File "/home/parallels/Desktop/mediscrape/venv/lib/python3.10/site-packages/flask/app.py", line 1799, in dispatch_request
    return self.ensure_sync(self.view_functions[rule.endpoint])(**view_args)
  File "/home/parallels/Desktop/mediscrape/CODE/server/server_flask.py", line 68, in search_query
    resp = annotate_extract_relate(query)
  File "/home/parallels/Desktop/mediscrape/CODE/server/server_flask.py", line 33, in annotate_extract_relate
    text_to_annotate = clean(q.replace('"', '').replace(',', " and "))
  File "/home/parallels/Desktop/mediscrape/venv/lib/python3.10/site-packages/cleantext/cleantext.py", line 51, in clean
    raise CleanTextEmptyString("No text is provided to clean")
cleantext.exceptions.CleanTextEmptyString: No text is provided to clean
127.0.0.1 - - [09/Apr/2023 13:48:22] "OPTIONS /search_query HTTP/1.1" 200 -
127.0.0.1 - - [09/Apr/2023 13:48:24] "POST /search_query HTTP/1.1" 200 -
127.0.0.1 - - [09/Apr/2023 13:48:24] "POST /search_query HTTP/1.1" 200 -
127.0.0.1 - - [09/Apr/2023 13:49:41] "GET /auto_complete?q=Nausea HTTP/1.1" 200 -
127.0.0.1 - - [09/Apr/2023 13:50:30] "GET /auto_complete?q=Nausea HTTP/1.1" 200 -
127.0.0.1 - - [09/Apr/2023 13:51:27] "GET /auto_complete?q=Ear%20and%20eye%20pain,%20heart%20ache%20and%20headache HTTP/1.1" 200 -
 * Detected change in '/home/parallels/Desktop/mediscrape/CODE/server/MetaMapWrapper.py', reloading
r {}
query 
page 0
query Malaise
page 0
query Malaise
page 0
r {}
r {}
r {}
r {}
r {}
 * Restarting with stat
Traceback (most recent call last):
  File "/home/parallels/Desktop/mediscrape/CODE/server/server_flask.py", line 5, in <module>
    from MetaMapWrapper import MetaMapWrapper
  File "/home/parallels/Desktop/mediscrape/CODE/server/MetaMapWrapper.py", line 3, in <module>
    from dotenv import load_dotenv
ModuleNotFoundError: No module named 'dotenv'
 * Serving Flask app 'server_flask'
 * Debug mode: on
[31m[1mWARNING: This is a development server. Do not use it in a production deployment. Use a production WSGI server instead.[0m
 * Running on http://127.0.0.1:5050
[33mPress CTRL+C to quit[0m
 * Restarting with stat
 * Debugger is active!
 * Debugger PIN: 130-676-376
127.0.0.1 - - [09/Apr/2023 14:03:38] "GET /auto_complete?q=Malaise HTTP/1.1" 200 -
127.0.0.1 - - [09/Apr/2023 14:03:51] "OPTIONS /search_query HTTP/1.1" 200 -
127.0.0.1 - - [09/Apr/2023 14:03:51] "[35m[1mPOST /search_query HTTP/1.1[0m" 500 -
Traceback (most recent call last):
  File "/home/parallels/Desktop/mediscrape/venv/lib/python3.10/site-packages/flask/app.py", line 2551, in __call__
    return self.wsgi_app(environ, start_response)
  File "/home/parallels/Desktop/mediscrape/venv/lib/python3.10/site-packages/flask/app.py", line 2531, in wsgi_app
    response = self.handle_exception(e)
  File "/home/parallels/Desktop/mediscrape/venv/lib/python3.10/site-packages/flask_cors/extension.py", line 165, in wrapped_function
    return cors_after_request(app.make_response(f(*args, **kwargs)))
  File "/home/parallels/Desktop/mediscrape/venv/lib/python3.10/site-packages/flask_cors/extension.py", line 165, in wrapped_function
    return cors_after_request(app.make_response(f(*args, **kwargs)))
  File "/home/parallels/Desktop/mediscrape/venv/lib/python3.10/site-packages/flask/app.py", line 2528, in wsgi_app
    response = self.full_dispatch_request()
  File "/home/parallels/Desktop/mediscrape/venv/lib/python3.10/site-packages/flask/app.py", line 1825, in full_dispatch_request
    rv = self.handle_user_exception(e)
  File "/home/parallels/Desktop/mediscrape/venv/lib/python3.10/site-packages/flask_cors/extension.py", line 165, in wrapped_function
    return cors_after_request(app.make_response(f(*args, **kwargs)))
  File "/home/parallels/Desktop/mediscrape/venv/lib/python3.10/site-packages/flask_cors/extension.py", line 165, in wrapped_function
    return cors_after_request(app.make_response(f(*args, **kwargs)))
  File "/home/parallels/Desktop/mediscrape/venv/lib/python3.10/site-packages/flask/app.py", line 1823, in full_dispatch_request
    rv = self.dispatch_request()
  File "/home/parallels/Desktop/mediscrape/venv/lib/python3.10/site-packages/flask/app.py", line 1799, in dispatch_request
    return self.ensure_sync(self.view_functions[rule.endpoint])(**view_args)
  File "/home/parallels/Desktop/mediscrape/CODE/server/server_flask.py", line 68, in search_query
    resp = annotate_extract_relate(query)
  File "/home/parallels/Desktop/mediscrape/CODE/server/server_flask.py", line 33, in annotate_extract_relate
    text_to_annotate = clean(q.replace('"', '').replace(',', " and "))
  File "/home/parallels/Desktop/mediscrape/venv/lib/python3.10/site-packages/cleantext/cleantext.py", line 51, in clean
    raise CleanTextEmptyString("No text is provided to clean")
cleantext.exceptions.CleanTextEmptyString: No text is provided to clean
127.0.0.1 - - [09/Apr/2023 14:03:54] "OPTIONS /search_query HTTP/1.1" 200 -
127.0.0.1 - - [09/Apr/2023 14:03:57] "POST /search_query HTTP/1.1" 200 -
127.0.0.1 - - [09/Apr/2023 14:03:57] "POST /search_query HTTP/1.1" 200 -
 * Detected change in '/home/parallels/Desktop/mediscrape/CODE/server/server_flask.py', reloading
r {}
query 
page 0
query Malaise
page 0
query Malaise
page 0
r {}
r {}
 * Restarting with stat
 * Debugger is active!
 * Debugger PIN: 130-676-376
 * Detected change in '/home/parallels/Desktop/mediscrape/CODE/server/AutocompleteWrapper.py', reloading
 * Restarting with stat
 * Debugger is active!
 * Debugger PIN: 130-676-376
 * Detected change in '/home/parallels/Desktop/mediscrape/CODE/server/AutocompleteWrapper.py', reloading
 * Restarting with stat
 * Debugger is active!
 * Debugger PIN: 130-676-376
 * Detected change in '/home/parallels/Desktop/mediscrape/CODE/server/AutocompleteWrapper.py', reloading
 * Restarting with stat
 * Debugger is active!
 * Debugger PIN: 130-676-376
